\BOOKMARK [1][-]{section.1}{\376\377\230\171\166\356\200\314\146\157}{}% 1
\BOOKMARK [1][-]{section.2}{\376\377\230\171\166\356\136\372\213\276\166\356\150\007}{}% 2
\BOOKMARK [2][-]{subsection.2.1}{\376\377\140\073\117\123\166\356\150\007}{section.2}% 3
\BOOKMARK [2][-]{subsection.2.2}{\376\377\121\167\117\123\166\356\150\007}{section.2}% 4
\BOOKMARK [1][-]{section.3}{\376\377\227\000\154\102\122\006\147\220}{}% 5
\BOOKMARK [2][-]{subsection.3.1}{\376\377\165\050\142\067\227\000\154\102}{section.3}% 6
\BOOKMARK [2][-]{subsection.3.2}{\376\377\122\237\200\375\227\000\154\102}{section.3}% 7
\BOOKMARK [2][-]{subsection.3.3}{\376\377\227\136\122\237\200\375\227\000\154\102}{section.3}% 8
\BOOKMARK [1][-]{section.4}{\376\377\136\372\213\276\121\205\133\271}{}% 9
\BOOKMARK [2][-]{subsection.4.1}{\376\377\231\226\230\165\116\016\155\073\122\250\123\331\116\213}{section.4}% 10
\BOOKMARK [2][-]{subsection.4.2}{\376\377\213\376\172\013\127\060\126\376\116\016\133\146\116\140\215\357\137\204}{section.4}% 11
\BOOKMARK [2][-]{subsection.4.3}{\376\377\133\236\145\366\213\306\122\053\176\303\116\140}{section.4}% 12
\BOOKMARK [2][-]{subsection.4.4}{\376\377\000A\000I\000\040\122\250\117\134\136\372\213\256}{section.4}% 13
\BOOKMARK [1][-]{section.5}{\376\377\142\200\147\057\215\357\176\277}{}% 14
\BOOKMARK [2][-]{subsection.5.1}{\376\377\140\073\117\123\147\266\147\204}{section.5}% 15
\BOOKMARK [2][-]{subsection.5.2}{\376\377\121\163\225\056\142\200\147\057\220\011\127\213}{section.5}% 16
\BOOKMARK [2][-]{subsection.5.3}{\376\377\213\306\122\053\155\101\172\013}{section.5}% 17
\BOOKMARK [1][-]{section.6}{\376\377\122\033\145\260\160\271\116\016\162\171\202\162}{}% 18
\BOOKMARK [1][-]{section.7}{\376\377\123\357\210\114\140\047\122\006\147\220}{}% 19
\BOOKMARK [2][-]{subsection.7.1}{\376\377\142\200\147\057\123\357\210\114\140\047}{section.7}% 20
\BOOKMARK [2][-]{subsection.7.2}{\376\377\176\304\176\307\123\357\210\114\140\047}{section.7}% 21
\BOOKMARK [2][-]{subsection.7.3}{\376\377\136\224\165\050\123\357\210\114\140\047}{section.7}% 22
\BOOKMARK [1][-]{section.8}{\376\377\133\236\145\275\213\241\122\022}{}% 23
\BOOKMARK [1][-]{section.9}{\376\377\176\304\176\307\122\006\135\345}{}% 24
\BOOKMARK [1][-]{section.10}{\376\377\230\316\226\151\122\006\147\220\116\016\136\224\133\371\143\252\145\275}{}% 25
\BOOKMARK [1][-]{section.11}{\376\377\176\317\215\071\116\016\215\104\156\220\230\204\173\227}{}% 26
\BOOKMARK [1][-]{section.12}{\376\377\230\204\147\037\142\020\147\234}{}% 27
\BOOKMARK [1][-]{section.13}{\376\377\232\214\145\066\150\007\121\306}{}% 28
\BOOKMARK [1][-]{section.14}{\376\377\124\016\176\355\211\304\122\022}{}% 29
\BOOKMARK [1][-]{section.15}{\376\377\176\323\213\272}{}% 30
